<?xml version="1.0" encoding="UTF-8"?>
<!-- Generated by org.testng.reporters.JUnitReportReporter -->
<testsuite skipped="0" hostname="NSDF528" name="runTests.FavouritesTest" tests="7" failures="0" timestamp="2020-03-10T18:32:39 BRT" time="3.730" errors="0">
  <testcase name="teste07postSemBody" time="0.248" classname="runTests.FavouritesTest"/>
  <testcase name="teste01postSucesso" time="2.022" classname="runTests.FavouritesTest"/>
  <testcase name="teste04postCampoRequerido" time="0.241" classname="runTests.FavouritesTest"/>
  <testcase name="teste02getSucesso" time="0.472" classname="runTests.FavouritesTest"/>
  <testcase name="teste06deleteSemID" time="0.238" classname="runTests.FavouritesTest"/>
  <testcase name="teste05deleteSucesso" time="0.267" classname="runTests.FavouritesTest"/>
  <testcase name="teste03getAutenticacaoInvalida" time="0.242" classname="runTests.FavouritesTest"/>
</testsuite> <!-- runTests.FavouritesTest -->
