<?xml version="1.0" encoding="UTF-8"?>
<!-- Generated by org.testng.reporters.JUnitReportReporter -->
<testsuite skipped="0" hostname="NSDF528" name="tests.TesteAPI" tests="2" failures="0" timestamp="2020-03-10T15:59:08 BRT" time="2.835" errors="0">
  <testcase name="teste02get" time="0.411" classname="tests.TesteAPI"/>
  <testcase name="teste01post" time="2.424" classname="tests.TesteAPI"/>
</testsuite> <!-- tests.TesteAPI -->
