<?xml version="1.0" encoding="UTF-8"?>
<!-- Generated by org.testng.reporters.JUnitReportReporter -->
<testsuite skipped="0" hostname="NSDF528" name="TesteAPI" tests="2" failures="0" timestamp="2020-03-10T15:35:04 BRT" time="3.310" errors="0">
  <testcase name="postTest" time="0.545" classname="TesteAPI"/>
  <testcase name="getTest" time="2.765" classname="TesteAPI"/>
</testsuite> <!-- TesteAPI -->
