<?xml version="1.0" encoding="UTF-8"?>
<!-- Generated by org.testng.reporters.JUnitReportReporter -->
<testsuite skipped="0" hostname="NSDF528" name="tests.FavouritesTest" tests="7" failures="0" timestamp="2020-03-10T18:29:09 BRT" time="3.772" errors="0">
  <testcase name="teste03getAutenticacaoInvalida" time="0.252" classname="tests.FavouritesTest"/>
  <testcase name="teste06deleteSemID" time="0.238" classname="tests.FavouritesTest"/>
  <testcase name="teste05deleteSucesso" time="0.257" classname="tests.FavouritesTest"/>
  <testcase name="teste07postSemBody" time="0.246" classname="tests.FavouritesTest"/>
  <testcase name="teste04postCampoRequerido" time="0.256" classname="tests.FavouritesTest"/>
  <testcase name="teste01postSucesso" time="2.101" classname="tests.FavouritesTest"/>
  <testcase name="teste02getSucesso" time="0.422" classname="tests.FavouritesTest"/>
</testsuite> <!-- tests.FavouritesTest -->
